2024-02-18 20:36:31,110 - root - INFO - --------------- Versions ---------------
2024-02-18 20:36:31,132 - root - INFO - git branch: b'* master'
2024-02-18 20:36:31,146 - root - INFO - git hash: b'c34cbdfeff02190cf62bcbe7c2cb1a0630fa01b5'
2024-02-18 20:36:31,146 - root - INFO - Torch: 1.13.1+cu117
2024-02-18 20:36:31,146 - root - INFO - ----------------------------------------
2024-02-18 20:36:31,146 - root - INFO - ------------------ Configuration ------------------
2024-02-18 20:36:31,146 - root - INFO - Configuration file: /gpfs/home/ess/cxt/work/FourCastNetTEC/config/AFNO.yaml
2024-02-18 20:36:31,146 - root - INFO - Configuration name: afno_backbone_tec_ustc
2024-02-18 20:36:31,146 - root - INFO - log_to_wandb False
2024-02-18 20:36:31,146 - root - INFO - lr 0.0005
2024-02-18 20:36:31,146 - root - INFO - batch_size 8
2024-02-18 20:36:31,146 - root - INFO - patch_size 2
2024-02-18 20:36:31,146 - root - INFO - depth 6
2024-02-18 20:36:31,146 - root - INFO - img_size [128, 256]
2024-02-18 20:36:31,146 - root - INFO - max_epochs 1500
2024-02-18 20:36:31,146 - root - INFO - scheduler CosineAnnealingLR
2024-02-18 20:36:31,146 - root - INFO - in_channels [0, 1, 2, 3, 4, 5, 6, 7, 8, 9, 10, 11, 12]
2024-02-18 20:36:31,147 - root - INFO - out_channels [0, 1, 2, 3, 4, 5, 6, 7, 8, 9, 10, 11, 12]
2024-02-18 20:36:31,147 - root - INFO - prediction_length 100
2024-02-18 20:36:31,147 - root - INFO - orography False
2024-02-18 20:36:31,147 - root - INFO - orography_path None
2024-02-18 20:36:31,147 - root - INFO - exp_dir /home/ess/cxt/work/FourCastNetTEC/results/tec_ustc_128
2024-02-18 20:36:31,147 - root - INFO - train_data_path /home/ess/cxt/work/FourCastNetTEC/Data_TEC_ustc_128/train
2024-02-18 20:36:31,147 - root - INFO - valid_data_path /home/ess/cxt/work/FourCastNetTEC/Data_TEC_ustc_128/test
2024-02-18 20:36:31,147 - root - INFO - inf_data_path /home/ess/cxt/work/FourCastNetTEC/Data_TEC_ustc_128/out_of_sample
2024-02-18 20:36:31,147 - root - INFO - time_means_path /home/ess/cxt/work/FourCastNetTEC/Data_TEC_ustc_128/time_means.npy
2024-02-18 20:36:31,147 - root - INFO - global_means_path /home/ess/cxt/work/FourCastNetTEC/Data_TEC_ustc_128/global_means.npy
2024-02-18 20:36:31,147 - root - INFO - global_stds_path /home/ess/cxt/work/FourCastNetTEC/Data_TEC_ustc_128/global_stds.npy
2024-02-18 20:36:31,147 - root - INFO - loss l2
2024-02-18 20:36:31,147 - root - INFO - num_data_workers 4
2024-02-18 20:36:31,147 - root - INFO - dt 1
2024-02-18 20:36:31,147 - root - INFO - n_history 0
2024-02-18 20:36:31,147 - root - INFO - prediction_type iterative
2024-02-18 20:36:31,147 - root - INFO - n_initial_conditions 5
2024-02-18 20:36:31,147 - root - INFO - ics_type default
2024-02-18 20:36:31,147 - root - INFO - save_raw_forecasts True
2024-02-18 20:36:31,147 - root - INFO - save_channel False
2024-02-18 20:36:31,147 - root - INFO - masked_acc False
2024-02-18 20:36:31,147 - root - INFO - maskpath None
2024-02-18 20:36:31,147 - root - INFO - perturb False
2024-02-18 20:36:31,147 - root - INFO - add_grid False
2024-02-18 20:36:31,147 - root - INFO - N_grid_channels 0
2024-02-18 20:36:31,147 - root - INFO - gridtype sinusoidal
2024-02-18 20:36:31,147 - root - INFO - roll False
2024-02-18 20:36:31,147 - root - INFO - num_blocks 8
2024-02-18 20:36:31,147 - root - INFO - nettype afno
2024-02-18 20:36:31,147 - root - INFO - width 56
2024-02-18 20:36:31,147 - root - INFO - modes 32
2024-02-18 20:36:31,147 - root - INFO - target default
2024-02-18 20:36:31,147 - root - INFO - normalization zscore
2024-02-18 20:36:31,147 - root - INFO - log_to_screen True
2024-02-18 20:36:31,148 - root - INFO - save_checkpoint True
2024-02-18 20:36:31,148 - root - INFO - enable_nhwc False
2024-02-18 20:36:31,148 - root - INFO - optimizer_type FusedAdam
2024-02-18 20:36:31,148 - root - INFO - crop_size_x None
2024-02-18 20:36:31,148 - root - INFO - crop_size_y None
2024-02-18 20:36:31,148 - root - INFO - two_step_training False
2024-02-18 20:36:31,148 - root - INFO - plot_animations False
2024-02-18 20:36:31,149 - root - INFO - add_noise False
2024-02-18 20:36:31,149 - root - INFO - noise_std 0
2024-02-18 20:36:31,149 - root - INFO - epsilon_factor 0
2024-02-18 20:36:31,149 - root - INFO - world_size 1
2024-02-18 20:36:31,149 - root - INFO - experiment_dir /home/ess/cxt/work/FourCastNetTEC/results/tec_ustc_128/afno_backbone_tec_ustc/d6p2
2024-02-18 20:36:31,149 - root - INFO - checkpoint_path /home/ess/cxt/work/FourCastNetTEC/results/tec_ustc_128/afno_backbone_tec_ustc/d6p2/training_checkpoints/ckpt.tar
2024-02-18 20:36:31,150 - root - INFO - best_checkpoint_path /home/ess/cxt/work/FourCastNetTEC/results/tec_ustc_128/afno_backbone_tec_ustc/d6p2/training_checkpoints/best_ckpt.tar
2024-02-18 20:36:31,150 - root - INFO - resuming True
2024-02-18 20:36:31,150 - root - INFO - local_rank 0
2024-02-18 20:36:31,150 - root - INFO - enable_amp True
2024-02-18 20:36:31,150 - root - INFO - name afno_backbone_tec_ustc_d6p2
2024-02-18 20:36:31,150 - root - INFO - group era5_precipafno_backbone_tec_ustc
2024-02-18 20:36:31,150 - root - INFO - project ERA5_precip
2024-02-18 20:36:31,150 - root - INFO - entity flowgan
2024-02-18 20:36:31,150 - root - INFO - ---------------------------------------------------
2024-02-18 20:36:31,156 - root - INFO - rank 0, begin data loader init
2024-02-18 20:36:31,165 - root - INFO - Getting file stats from /home/ess/cxt/work/FourCastNetTEC/Data_TEC_ustc_128/train/2005.h5
2024-02-18 20:36:31,166 - root - INFO - Number of samples per year: 336
2024-02-18 20:36:31,166 - root - INFO - Found data at path /home/ess/cxt/work/FourCastNetTEC/Data_TEC_ustc_128/train. Number of examples: 2352. Image Shape: 128 x 256 x 13
2024-02-18 20:36:31,166 - root - INFO - Delta t: 6 hours
2024-02-18 20:36:31,166 - root - INFO - Including 0 hours of past history in training at a frequency of 6 hours
2024-02-18 20:36:31,179 - root - INFO - Getting file stats from /home/ess/cxt/work/FourCastNetTEC/Data_TEC_ustc_128/test/2008.h5
2024-02-18 20:36:31,179 - root - INFO - Number of samples per year: 337
2024-02-18 20:36:31,179 - root - INFO - Found data at path /home/ess/cxt/work/FourCastNetTEC/Data_TEC_ustc_128/test. Number of examples: 674. Image Shape: 128 x 256 x 13
2024-02-18 20:36:31,179 - root - INFO - Delta t: 6 hours
2024-02-18 20:36:31,179 - root - INFO - Including 0 hours of past history in training at a frequency of 6 hours
2024-02-18 20:36:31,179 - root - INFO - rank 0, data loader initialized
2024-02-18 20:36:33,751 - root - INFO - Loading checkpoint /home/ess/cxt/work/FourCastNetTEC/results/tec_ustc_128/afno_backbone_tec_ustc/d6p2/training_checkpoints/ckpt.tar
2024-02-18 20:36:34,805 - root - INFO - Number of trainable model parameters: 36514560
2024-02-18 20:36:34,805 - root - INFO - Starting Training Loop...
